<?xml version="1.0" encoding="UTF-8"?>
<testsuite xmlns:xsi="http://www.w3.org/2001/XMLSchema-instance" xsi:noNamespaceSchemaLocation="https://maven.apache.org/surefire/maven-surefire-plugin/xsd/surefire-test-report-3.0.xsd" version="3.0" name="de.viadee.demo.DemoApplicationTests" time="1.285" tests="1" errors="0" skipped="0" failures="0">
  <properties>
[...]
</properties>
  <testcase name="contextLoads" classname="de.viadee.demo.DemoApplicationTests" time="0.427">
    <system-out><![CDATA[15:06:29.599 [main] INFO org.springframework.test.context.support.AnnotationConfigContextLoaderUtils -- Could not detect default configuration classes for test class [de.viadee.demo.DemoApplicationTests]: DemoApplicationTests does not declare any static, non-private, non-final, nested classes annotated with @Configuration.
15:06:29.639 [main] INFO org.springframework.boot.test.context.SpringBootTestContextBootstrapper -- Found @SpringBootConfiguration de.viadee.demo.DemoApplication for test class de.viadee.demo.DemoApplicationTests

  .   ____          _            __ _ _
 /\\ / ___'_ __ _ _(_)_ __  __ _ \ \ \ \
( ( )\___ | '_ | '_| | '_ \/ _` | \ \ \ \
 \\/  ___)| |_)| | | | | || (_| |  ) ) ) )
  '  |____| .__|_| |_|_| |_\__, | / / / /
 =========|_|==============|___/=/_/_/_/
 :: Spring Boot ::                (v3.1.1)

2024-05-03T15:06:29.772+02:00  INFO 22109 --- [           main] de.viadee.demo.DemoApplicationTests      : Starting DemoApplicationTests using Java 21.0.2 with PID 22109 (started by SiM in /Users/SiM/Projects/knative/demo)
2024-05-03T15:06:29.772+02:00  INFO 22109 --- [           main] de.viadee.demo.DemoApplicationTests      : No active profile set, falling back to 1 default profile: "default"
2024-05-03T15:06:30.301+02:00  INFO 22109 --- [           main] o.s.b.a.e.web.EndpointLinksResolver      : Exposing 1 endpoint(s) beneath base path '/actuator'
2024-05-03T15:06:30.327+02:00  INFO 22109 --- [           main] de.viadee.demo.PropertyLogger            : ====== Environment and configuration ======
2024-05-03T15:06:30.327+02:00  INFO 22109 --- [           main] de.viadee.demo.PropertyLogger            : Active profiles: []
2024-05-03T15:06:30.328+02:00  INFO 22109 --- [           main] de.viadee.demo.PropertyLogger            : management.defaults.metrics.export.enabled: false
2024-05-03T15:06:30.328+02:00  INFO 22109 --- [           main] de.viadee.demo.PropertyLogger            : management.simple.metrics.export.enabled: true
2024-05-03T15:06:30.328+02:00  INFO 22109 --- [           main] de.viadee.demo.PropertyLogger            : management.tracing.enabled: false
2024-05-03T15:06:30.328+02:00  INFO 22109 --- [           main] de.viadee.demo.PropertyLogger            : spring.jmx.enabled: false
2024-05-03T15:06:30.328+02:00  INFO 22109 --- [           main] de.viadee.demo.PropertyLogger            : org.springframework.boot.test.context.SpringBootTestContextBootstrapper: true
2024-05-03T15:06:30.328+02:00  INFO 22109 --- [           main] de.viadee.demo.PropertyLogger            : java.specification.version: 21
2024-05-03T15:06:30.328+02:00  INFO 22109 --- [           main] de.viadee.demo.PropertyLogger            : sun.jnu.encoding: UTF-8
2024-05-03T15:06:30.328+02:00  INFO 22109 --- [           main] de.viadee.demo.PropertyLogger            : java.class.path: /Users/SiM/Projects/knative/demo/target/test-classes:/Users/SiM/Projects/knative/demo/target/classes:/Users/SiM/.m2/repository/org/springframework/boot/spring-boot-starter-actuator/3.1.1/spring-boot-starter-actuator-3.1.1.jar:/Users/SiM/.m2/repository/org/springframework/boot/spring-boot-starter/3.1.1/spring-boot-starter-3.1.1.jar:/Users/SiM/.m2/repository/org/springframework/boot/spring-boot/3.1.1/spring-boot-3.1.1.jar:/Users/SiM/.m2/repository/org/springframework/boot/spring-boot-autoconfigure/3.1.1/spring-boot-autoconfigure-3.1.1.jar:/Users/SiM/.m2/repository/org/springframework/boot/spring-boot-starter-logging/3.1.1/spring-boot-starter-logging-3.1.1.jar:/Users/SiM/.m2/repository/ch/qos/logback/logback-classic/1.4.8/logback-classic-1.4.8.jar:/Users/SiM/.m2/repository/ch/qos/logback/logback-core/1.4.8/logback-core-1.4.8.jar:/Users/SiM/.m2/repository/org/apache/logging/log4j/log4j-to-slf4j/2.20.0/log4j-to-slf4j-2.20.0.jar:/Users/SiM/.m2/repository/org/apache/logging/log4j/log4j-api/2.20.0/log4j-api-2.20.0.jar:/Users/SiM/.m2/repository/org/slf4j/jul-to-slf4j/2.0.7/jul-to-slf4j-2.0.7.jar:/Users/SiM/.m2/repository/jakarta/annotation/jakarta.annotation-api/2.1.1/jakarta.annotation-api-2.1.1.jar:/Users/SiM/.m2/repository/org/yaml/snakeyaml/1.33/snakeyaml-1.33.jar:/Users/SiM/.m2/repository/org/springframework/boot/spring-boot-actuator-autoconfigure/3.1.1/spring-boot-actuator-autoconfigure-3.1.1.jar:/Users/SiM/.m2/repository/org/springframework/boot/spring-boot-actuator/3.1.1/spring-boot-actuator-3.1.1.jar:/Users/SiM/.m2/repository/com/fasterxml/jackson/core/jackson-databind/2.15.2/jackson-databind-2.15.2.jar:/Users/SiM/.m2/repository/com/fasterxml/jackson/core/jackson-annotations/2.15.2/jackson-annotations-2.15.2.jar:/Users/SiM/.m2/repository/com/fasterxml/jackson/core/jackson-core/2.15.2/jackson-core-2.15.2.jar:/Users/SiM/.m2/repository/com/fasterxml/jackson/datatype/jackson-datatype-jsr310/2.15.2/jackson-datatype-jsr310-2.15.2.jar:/Users/SiM/.m2/repository/io/micrometer/micrometer-observation/1.11.1/micrometer-observation-1.11.1.jar:/Users/SiM/.m2/repository/io/micrometer/micrometer-commons/1.11.1/micrometer-commons-1.11.1.jar:/Users/SiM/.m2/repository/io/micrometer/micrometer-core/1.11.1/micrometer-core-1.11.1.jar:/Users/SiM/.m2/repository/org/hdrhistogram/HdrHistogram/2.1.12/HdrHistogram-2.1.12.jar:/Users/SiM/.m2/repository/org/latencyutils/LatencyUtils/2.0.3/LatencyUtils-2.0.3.jar:/Users/SiM/.m2/repository/org/springframework/boot/spring-boot-starter-web/3.1.1/spring-boot-starter-web-3.1.1.jar:/Users/SiM/.m2/repository/org/springframework/boot/spring-boot-starter-json/3.1.1/spring-boot-starter-json-3.1.1.jar:/Users/SiM/.m2/repository/com/fasterxml/jackson/datatype/jackson-datatype-jdk8/2.15.2/jackson-datatype-jdk8-2.15.2.jar:/Users/SiM/.m2/repository/com/fasterxml/jackson/module/jackson-module-parameter-names/2.15.2/jackson-module-parameter-names-2.15.2.jar:/Users/SiM/.m2/repository/org/springframework/boot/spring-boot-starter-tomcat/3.1.1/spring-boot-starter-tomcat-3.1.1.jar:/Users/SiM/.m2/repository/org/apache/tomcat/embed/tomcat-embed-core/10.1.10/tomcat-embed-core-10.1.10.jar:/Users/SiM/.m2/repository/org/apache/tomcat/embed/tomcat-embed-el/10.1.10/tomcat-embed-el-10.1.10.jar:/Users/SiM/.m2/repository/org/apache/tomcat/embed/tomcat-embed-websocket/10.1.10/tomcat-embed-websocket-10.1.10.jar:/Users/SiM/.m2/repository/org/springframework/spring-web/6.0.10/spring-web-6.0.10.jar:/Users/SiM/.m2/repository/org/springframework/spring-beans/6.0.10/spring-beans-6.0.10.jar:/Users/SiM/.m2/repository/org/springframework/spring-webmvc/6.0.10/spring-webmvc-6.0.10.jar:/Users/SiM/.m2/repository/org/springframework/spring-aop/6.0.10/spring-aop-6.0.10.jar:/Users/SiM/.m2/repository/org/springframework/spring-context/6.0.10/spring-context-6.0.10.jar:/Users/SiM/.m2/repository/org/springframework/spring-expression/6.0.10/spring-expression-6.0.10.jar:/Users/SiM/.m2/repository/org/springframework/boot/spring-boot-starter-test/3.1.1/spring-boot-starter-test-3.1.1.jar:/Users/SiM/.m2/repository/org/springframework/boot/spring-boot-test/3.1.1/spring-boot-test-3.1.1.jar:/Users/SiM/.m2/repository/org/springframework/boot/spring-boot-test-autoconfigure/3.1.1/spring-boot-test-autoconfigure-3.1.1.jar:/Users/SiM/.m2/repository/com/jayway/jsonpath/json-path/2.8.0/json-path-2.8.0.jar:/Users/SiM/.m2/repository/org/slf4j/slf4j-api/2.0.7/slf4j-api-2.0.7.jar:/Users/SiM/.m2/repository/jakarta/xml/bind/jakarta.xml.bind-api/4.0.0/jakarta.xml.bind-api-4.0.0.jar:/Users/SiM/.m2/repository/jakarta/activation/jakarta.activation-api/2.1.2/jakarta.activation-api-2.1.2.jar:/Users/SiM/.m2/repository/net/minidev/json-smart/2.4.11/json-smart-2.4.11.jar:/Users/SiM/.m2/repository/net/minidev/accessors-smart/2.4.11/accessors-smart-2.4.11.jar:/Users/SiM/.m2/repository/org/ow2/asm/asm/9.3/asm-9.3.jar:/Users/SiM/.m2/repository/org/assertj/assertj-core/3.24.2/assertj-core-3.24.2.jar:/Users/SiM/.m2/repository/net/bytebuddy/byte-buddy/1.14.5/byte-buddy-1.14.5.jar:/Users/SiM/.m2/repository/org/hamcrest/hamcrest/2.2/hamcrest-2.2.jar:/Users/SiM/.m2/repository/org/junit/jupiter/junit-jupiter/5.9.3/junit-jupiter-5.9.3.jar:/Users/SiM/.m2/repository/org/junit/jupiter/junit-jupiter-api/5.9.3/junit-jupiter-api-5.9.3.jar:/Users/SiM/.m2/repository/org/opentest4j/opentest4j/1.2.0/opentest4j-1.2.0.jar:/Users/SiM/.m2/repository/org/junit/platform/junit-platform-commons/1.9.3/junit-platform-commons-1.9.3.jar:/Users/SiM/.m2/repository/org/apiguardian/apiguardian-api/1.1.2/apiguardian-api-1.1.2.jar:/Users/SiM/.m2/repository/org/junit/jupiter/junit-jupiter-params/5.9.3/junit-jupiter-params-5.9.3.jar:/Users/SiM/.m2/repository/org/junit/jupiter/junit-jupiter-engine/5.9.3/junit-jupiter-engine-5.9.3.jar:/Users/SiM/.m2/repository/org/junit/platform/junit-platform-engine/1.9.3/junit-platform-engine-1.9.3.jar:/Users/SiM/.m2/repository/org/mockito/mockito-core/5.3.1/mockito-core-5.3.1.jar:/Users/SiM/.m2/repository/net/bytebuddy/byte-buddy-agent/1.14.5/byte-buddy-agent-1.14.5.jar:/Users/SiM/.m2/repository/org/objenesis/objenesis/3.3/objenesis-3.3.jar:/Users/SiM/.m2/repository/org/mockito/mockito-junit-jupiter/5.3.1/mockito-junit-jupiter-5.3.1.jar:/Users/SiM/.m2/repository/org/skyscreamer/jsonassert/1.5.1/jsonassert-1.5.1.jar:/Users/SiM/.m2/repository/com/vaadin/external/google/android-json/0.0.20131108.vaadin1/android-json-0.0.20131108.vaadin1.jar:/Users/SiM/.m2/repository/org/springframework/spring-core/6.0.10/spring-core-6.0.10.jar:/Users/SiM/.m2/repository/org/springframework/spring-jcl/6.0.10/spring-jcl-6.0.10.jar:/Users/SiM/.m2/repository/org/springframework/spring-test/6.0.10/spring-test-6.0.10.jar:/Users/SiM/.m2/repository/org/xmlunit/xmlunit-core/2.9.1/xmlunit-core-2.9.1.jar:/Users/SiM/.m2/repository/io/micrometer/micrometer-registry-prometheus/1.11.1/micrometer-registry-prometheus-1.11.1.jar:/Users/SiM/.m2/repository/io/prometheus/simpleclient_common/0.16.0/simpleclient_common-0.16.0.jar:/Users/SiM/.m2/repository/io/prometheus/simpleclient/0.16.0/simpleclient-0.16.0.jar:/Users/SiM/.m2/repository/io/prometheus/simpleclient_tracer_otel/0.16.0/simpleclient_tracer_otel-0.16.0.jar:/Users/SiM/.m2/repository/io/prometheus/simpleclient_tracer_common/0.16.0/simpleclient_tracer_common-0.16.0.jar:/Users/SiM/.m2/repository/io/prometheus/simpleclient_tracer_otel_agent/0.16.0/simpleclient_tracer_otel_agent-0.16.0.jar:
2024-05-03T15:06:30.329+02:00  INFO 22109 --- [           main] de.viadee.demo.PropertyLogger            : java.vm.vendor: Homebrew
2024-05-03T15:06:30.329+02:00  INFO 22109 --- [           main] de.viadee.demo.PropertyLogger            : sun.arch.data.model: 64
2024-05-03T15:06:30.329+02:00  INFO 22109 --- [           main] de.viadee.demo.PropertyLogger            : java.vendor.url: https://github.com/Homebrew/homebrew-core/issues
2024-05-03T15:06:30.329+02:00  INFO 22109 --- [           main] de.viadee.demo.PropertyLogger            : user.timezone: Europe/Berlin
2024-05-03T15:06:30.329+02:00  INFO 22109 --- [           main] de.viadee.demo.PropertyLogger            : java.vm.specification.version: 21
2024-05-03T15:06:30.329+02:00  INFO 22109 --- [           main] de.viadee.demo.PropertyLogger            : os.name: Mac OS X
2024-05-03T15:06:30.329+02:00  INFO 22109 --- [           main] de.viadee.demo.PropertyLogger            : sun.java.launcher: SUN_STANDARD
2024-05-03T15:06:30.329+02:00  INFO 22109 --- [           main] de.viadee.demo.PropertyLogger            : user.country: DE
2024-05-03T15:06:30.330+02:00  INFO 22109 --- [           main] de.viadee.demo.PropertyLogger            : sun.boot.library.path: /opt/homebrew/Cellar/openjdk/21.0.2/libexec/openjdk.jdk/Contents/Home/lib
2024-05-03T15:06:30.330+02:00  INFO 22109 --- [           main] de.viadee.demo.PropertyLogger            : sun.java.command: /Users/SiM/Projects/knative/demo/target/surefire/surefirebooter-20240503150629279_3.jar /Users/SiM/Projects/knative/demo/target/surefire 2024-05-03T15-06-29_243-jvmRun1 surefire-20240503150629279_1tmp surefire_0-20240503150629279_2tmp
2024-05-03T15:06:30.330+02:00  INFO 22109 --- [           main] de.viadee.demo.PropertyLogger            : http.nonProxyHosts: local|*.local|169.254/16|*.169.254/16
2024-05-03T15:06:30.330+02:00  INFO 22109 --- [           main] de.viadee.demo.PropertyLogger            : jdk.debug: release
2024-05-03T15:06:30.330+02:00  INFO 22109 --- [           main] de.viadee.demo.PropertyLogger            : surefire.test.class.path: /Users/SiM/Projects/knative/demo/target/test-classes:/Users/SiM/Projects/knative/demo/target/classes:/Users/SiM/.m2/repository/org/springframework/boot/spring-boot-starter-actuator/3.1.1/spring-boot-starter-actuator-3.1.1.jar:/Users/SiM/.m2/repository/org/springframework/boot/spring-boot-starter/3.1.1/spring-boot-starter-3.1.1.jar:/Users/SiM/.m2/repository/org/springframework/boot/spring-boot/3.1.1/spring-boot-3.1.1.jar:/Users/SiM/.m2/repository/org/springframework/boot/spring-boot-autoconfigure/3.1.1/spring-boot-autoconfigure-3.1.1.jar:/Users/SiM/.m2/repository/org/springframework/boot/spring-boot-starter-logging/3.1.1/spring-boot-starter-logging-3.1.1.jar:/Users/SiM/.m2/repository/ch/qos/logback/logback-classic/1.4.8/logback-classic-1.4.8.jar:/Users/SiM/.m2/repository/ch/qos/logback/logback-core/1.4.8/logback-core-1.4.8.jar:/Users/SiM/.m2/repository/org/apache/logging/log4j/log4j-to-slf4j/2.20.0/log4j-to-slf4j-2.20.0.jar:/Users/SiM/.m2/repository/org/apache/logging/log4j/log4j-api/2.20.0/log4j-api-2.20.0.jar:/Users/SiM/.m2/repository/org/slf4j/jul-to-slf4j/2.0.7/jul-to-slf4j-2.0.7.jar:/Users/SiM/.m2/repository/jakarta/annotation/jakarta.annotation-api/2.1.1/jakarta.annotation-api-2.1.1.jar:/Users/SiM/.m2/repository/org/yaml/snakeyaml/1.33/snakeyaml-1.33.jar:/Users/SiM/.m2/repository/org/springframework/boot/spring-boot-actuator-autoconfigure/3.1.1/spring-boot-actuator-autoconfigure-3.1.1.jar:/Users/SiM/.m2/repository/org/springframework/boot/spring-boot-actuator/3.1.1/spring-boot-actuator-3.1.1.jar:/Users/SiM/.m2/repository/com/fasterxml/jackson/core/jackson-databind/2.15.2/jackson-databind-2.15.2.jar:/Users/SiM/.m2/repository/com/fasterxml/jackson/core/jackson-annotations/2.15.2/jackson-annotations-2.15.2.jar:/Users/SiM/.m2/repository/com/fasterxml/jackson/core/jackson-core/2.15.2/jackson-core-2.15.2.jar:/Users/SiM/.m2/repository/com/fasterxml/jackson/datatype/jackson-datatype-jsr310/2.15.2/jackson-datatype-jsr310-2.15.2.jar:/Users/SiM/.m2/repository/io/micrometer/micrometer-observation/1.11.1/micrometer-observation-1.11.1.jar:/Users/SiM/.m2/repository/io/micrometer/micrometer-commons/1.11.1/micrometer-commons-1.11.1.jar:/Users/SiM/.m2/repository/io/micrometer/micrometer-core/1.11.1/micrometer-core-1.11.1.jar:/Users/SiM/.m2/repository/org/hdrhistogram/HdrHistogram/2.1.12/HdrHistogram-2.1.12.jar:/Users/SiM/.m2/repository/org/latencyutils/LatencyUtils/2.0.3/LatencyUtils-2.0.3.jar:/Users/SiM/.m2/repository/org/springframework/boot/spring-boot-starter-web/3.1.1/spring-boot-starter-web-3.1.1.jar:/Users/SiM/.m2/repository/org/springframework/boot/spring-boot-starter-json/3.1.1/spring-boot-starter-json-3.1.1.jar:/Users/SiM/.m2/repository/com/fasterxml/jackson/datatype/jackson-datatype-jdk8/2.15.2/jackson-datatype-jdk8-2.15.2.jar:/Users/SiM/.m2/repository/com/fasterxml/jackson/module/jackson-module-parameter-names/2.15.2/jackson-module-parameter-names-2.15.2.jar:/Users/SiM/.m2/repository/org/springframework/boot/spring-boot-starter-tomcat/3.1.1/spring-boot-starter-tomcat-3.1.1.jar:/Users/SiM/.m2/repository/org/apache/tomcat/embed/tomcat-embed-core/10.1.10/tomcat-embed-core-10.1.10.jar:/Users/SiM/.m2/repository/org/apache/tomcat/embed/tomcat-embed-el/10.1.10/tomcat-embed-el-10.1.10.jar:/Users/SiM/.m2/repository/org/apache/tomcat/embed/tomcat-embed-websocket/10.1.10/tomcat-embed-websocket-10.1.10.jar:/Users/SiM/.m2/repository/org/springframework/spring-web/6.0.10/spring-web-6.0.10.jar:/Users/SiM/.m2/repository/org/springframework/spring-beans/6.0.10/spring-beans-6.0.10.jar:/Users/SiM/.m2/repository/org/springframework/spring-webmvc/6.0.10/spring-webmvc-6.0.10.jar:/Users/SiM/.m2/repository/org/springframework/spring-aop/6.0.10/spring-aop-6.0.10.jar:/Users/SiM/.m2/repository/org/springframework/spring-context/6.0.10/spring-context-6.0.10.jar:/Users/SiM/.m2/repository/org/springframework/spring-expression/6.0.10/spring-expression-6.0.10.jar:/Users/SiM/.m2/repository/org/springframework/boot/spring-boot-starter-test/3.1.1/spring-boot-starter-test-3.1.1.jar:/Users/SiM/.m2/repository/org/springframework/boot/spring-boot-test/3.1.1/spring-boot-test-3.1.1.jar:/Users/SiM/.m2/repository/org/springframework/boot/spring-boot-test-autoconfigure/3.1.1/spring-boot-test-autoconfigure-3.1.1.jar:/Users/SiM/.m2/repository/com/jayway/jsonpath/json-path/2.8.0/json-path-2.8.0.jar:/Users/SiM/.m2/repository/org/slf4j/slf4j-api/2.0.7/slf4j-api-2.0.7.jar:/Users/SiM/.m2/repository/jakarta/xml/bind/jakarta.xml.bind-api/4.0.0/jakarta.xml.bind-api-4.0.0.jar:/Users/SiM/.m2/repository/jakarta/activation/jakarta.activation-api/2.1.2/jakarta.activation-api-2.1.2.jar:/Users/SiM/.m2/repository/net/minidev/json-smart/2.4.11/json-smart-2.4.11.jar:/Users/SiM/.m2/repository/net/minidev/accessors-smart/2.4.11/accessors-smart-2.4.11.jar:/Users/SiM/.m2/repository/org/ow2/asm/asm/9.3/asm-9.3.jar:/Users/SiM/.m2/repository/org/assertj/assertj-core/3.24.2/assertj-core-3.24.2.jar:/Users/SiM/.m2/repository/net/bytebuddy/byte-buddy/1.14.5/byte-buddy-1.14.5.jar:/Users/SiM/.m2/repository/org/hamcrest/hamcrest/2.2/hamcrest-2.2.jar:/Users/SiM/.m2/repository/org/junit/jupiter/junit-jupiter/5.9.3/junit-jupiter-5.9.3.jar:/Users/SiM/.m2/repository/org/junit/jupiter/junit-jupiter-api/5.9.3/junit-jupiter-api-5.9.3.jar:/Users/SiM/.m2/repository/org/opentest4j/opentest4j/1.2.0/opentest4j-1.2.0.jar:/Users/SiM/.m2/repository/org/junit/platform/junit-platform-commons/1.9.3/junit-platform-commons-1.9.3.jar:/Users/SiM/.m2/repository/org/apiguardian/apiguardian-api/1.1.2/apiguardian-api-1.1.2.jar:/Users/SiM/.m2/repository/org/junit/jupiter/junit-jupiter-params/5.9.3/junit-jupiter-params-5.9.3.jar:/Users/SiM/.m2/repository/org/junit/jupiter/junit-jupiter-engine/5.9.3/junit-jupiter-engine-5.9.3.jar:/Users/SiM/.m2/repository/org/junit/platform/junit-platform-engine/1.9.3/junit-platform-engine-1.9.3.jar:/Users/SiM/.m2/repository/org/mockito/mockito-core/5.3.1/mockito-core-5.3.1.jar:/Users/SiM/.m2/repository/net/bytebuddy/byte-buddy-agent/1.14.5/byte-buddy-agent-1.14.5.jar:/Users/SiM/.m2/repository/org/objenesis/objenesis/3.3/objenesis-3.3.jar:/Users/SiM/.m2/repository/org/mockito/mockito-junit-jupiter/5.3.1/mockito-junit-jupiter-5.3.1.jar:/Users/SiM/.m2/repository/org/skyscreamer/jsonassert/1.5.1/jsonassert-1.5.1.jar:/Users/SiM/.m2/repository/com/vaadin/external/google/android-json/0.0.20131108.vaadin1/android-json-0.0.20131108.vaadin1.jar:/Users/SiM/.m2/repository/org/springframework/spring-core/6.0.10/spring-core-6.0.10.jar:/Users/SiM/.m2/repository/org/springframework/spring-jcl/6.0.10/spring-jcl-6.0.10.jar:/Users/SiM/.m2/repository/org/springframework/spring-test/6.0.10/spring-test-6.0.10.jar:/Users/SiM/.m2/repository/org/xmlunit/xmlunit-core/2.9.1/xmlunit-core-2.9.1.jar:/Users/SiM/.m2/repository/io/micrometer/micrometer-registry-prometheus/1.11.1/micrometer-registry-prometheus-1.11.1.jar:/Users/SiM/.m2/repository/io/prometheus/simpleclient_common/0.16.0/simpleclient_common-0.16.0.jar:/Users/SiM/.m2/repository/io/prometheus/simpleclient/0.16.0/simpleclient-0.16.0.jar:/Users/SiM/.m2/repository/io/prometheus/simpleclient_tracer_otel/0.16.0/simpleclient_tracer_otel-0.16.0.jar:/Users/SiM/.m2/repository/io/prometheus/simpleclient_tracer_common/0.16.0/simpleclient_tracer_common-0.16.0.jar:/Users/SiM/.m2/repository/io/prometheus/simpleclient_tracer_otel_agent/0.16.0/simpleclient_tracer_otel_agent-0.16.0.jar:
2024-05-03T15:06:30.330+02:00  INFO 22109 --- [           main] de.viadee.demo.PropertyLogger            : sun.cpu.endian: little
2024-05-03T15:06:30.330+02:00  INFO 22109 --- [           main] de.viadee.demo.PropertyLogger            : user.home: /Users/SiM
2024-05-03T15:06:30.330+02:00  INFO 22109 --- [           main] de.viadee.demo.PropertyLogger            : user.language: de
2024-05-03T15:06:30.330+02:00  INFO 22109 --- [           main] de.viadee.demo.PropertyLogger            : java.specification.vendor: Oracle Corporation
2024-05-03T15:06:30.331+02:00  INFO 22109 --- [           main] de.viadee.demo.PropertyLogger            : java.version.date: 2024-01-16
2024-05-03T15:06:30.331+02:00  INFO 22109 --- [           main] de.viadee.demo.PropertyLogger            : java.home: /opt/homebrew/Cellar/openjdk/21.0.2/libexec/openjdk.jdk/Contents/Home
2024-05-03T15:06:30.331+02:00  INFO 22109 --- [           main] de.viadee.demo.PropertyLogger            : file.separator: /
2024-05-03T15:06:30.331+02:00  INFO 22109 --- [           main] de.viadee.demo.PropertyLogger            : basedir: /Users/SiM/Projects/knative/demo
2024-05-03T15:06:30.331+02:00  INFO 22109 --- [           main] de.viadee.demo.PropertyLogger            : java.vm.compressedOopsMode: Zero based
2024-05-03T15:06:30.331+02:00  INFO 22109 --- [           main] de.viadee.demo.PropertyLogger            : line.separator: 

2024-05-03T15:06:30.331+02:00  INFO 22109 --- [           main] de.viadee.demo.PropertyLogger            : java.vm.specification.vendor: Oracle Corporation
2024-05-03T15:06:30.331+02:00  INFO 22109 --- [           main] de.viadee.demo.PropertyLogger            : java.specification.name: Java Platform API Specification
2024-05-03T15:06:30.331+02:00  INFO 22109 --- [           main] de.viadee.demo.PropertyLogger            : FILE_LOG_CHARSET: UTF-8
2024-05-03T15:06:30.331+02:00  INFO 22109 --- [           main] de.viadee.demo.PropertyLogger            : java.awt.headless: true
2024-05-03T15:06:30.331+02:00  INFO 22109 --- [           main] de.viadee.demo.PropertyLogger            : apple.awt.application.name: ForkedBooter
2024-05-03T15:06:30.331+02:00  INFO 22109 --- [           main] de.viadee.demo.PropertyLogger            : surefire.real.class.path: /Users/SiM/Projects/knative/demo/target/surefire/surefirebooter-20240503150629279_3.jar
2024-05-03T15:06:30.331+02:00  INFO 22109 --- [           main] de.viadee.demo.PropertyLogger            : sun.management.compiler: HotSpot 64-Bit Tiered Compilers
2024-05-03T15:06:30.331+02:00  INFO 22109 --- [           main] de.viadee.demo.PropertyLogger            : ftp.nonProxyHosts: local|*.local|169.254/16|*.169.254/16
2024-05-03T15:06:30.331+02:00  INFO 22109 --- [           main] de.viadee.demo.PropertyLogger            : java.runtime.version: 21.0.2
2024-05-03T15:06:30.331+02:00  INFO 22109 --- [           main] de.viadee.demo.PropertyLogger            : user.name: SiM
2024-05-03T15:06:30.331+02:00  INFO 22109 --- [           main] de.viadee.demo.PropertyLogger            : stdout.encoding: UTF-8
2024-05-03T15:06:30.331+02:00  INFO 22109 --- [           main] de.viadee.demo.PropertyLogger            : path.separator: :
2024-05-03T15:06:30.332+02:00  INFO 22109 --- [           main] de.viadee.demo.PropertyLogger            : os.version: 14.4.1
2024-05-03T15:06:30.332+02:00  INFO 22109 --- [           main] de.viadee.demo.PropertyLogger            : java.runtime.name: OpenJDK Runtime Environment
2024-05-03T15:06:30.332+02:00  INFO 22109 --- [           main] de.viadee.demo.PropertyLogger            : file.encoding: UTF-8
2024-05-03T15:06:30.332+02:00  INFO 22109 --- [           main] de.viadee.demo.PropertyLogger            : java.vm.name: OpenJDK 64-Bit Server VM
2024-05-03T15:06:30.332+02:00  INFO 22109 --- [           main] de.viadee.demo.PropertyLogger            : java.vendor.version: Homebrew
2024-05-03T15:06:30.332+02:00  INFO 22109 --- [           main] de.viadee.demo.PropertyLogger            : localRepository: /Users/SiM/.m2/repository
2024-05-03T15:06:30.332+02:00  INFO 22109 --- [           main] de.viadee.demo.PropertyLogger            : java.vendor.url.bug: https://github.com/Homebrew/homebrew-core/issues
2024-05-03T15:06:30.332+02:00  INFO 22109 --- [           main] de.viadee.demo.PropertyLogger            : java.io.tmpdir: /var/folders/89/3xlz1n6s7334fc_0jzjprwl80000gp/T/
2024-05-03T15:06:30.332+02:00  INFO 22109 --- [           main] de.viadee.demo.PropertyLogger            : java.version: 21.0.2
2024-05-03T15:06:30.332+02:00  INFO 22109 --- [           main] de.viadee.demo.PropertyLogger            : user.dir: /Users/SiM/Projects/knative/demo
2024-05-03T15:06:30.332+02:00  INFO 22109 --- [           main] de.viadee.demo.PropertyLogger            : os.arch: aarch64
2024-05-03T15:06:30.332+02:00  INFO 22109 --- [           main] de.viadee.demo.PropertyLogger            : java.vm.specification.name: Java Virtual Machine Specification
2024-05-03T15:06:30.332+02:00  INFO 22109 --- [           main] de.viadee.demo.PropertyLogger            : PID: 22109
2024-05-03T15:06:30.332+02:00  INFO 22109 --- [           main] de.viadee.demo.PropertyLogger            : CONSOLE_LOG_CHARSET: UTF-8
2024-05-03T15:06:30.332+02:00  INFO 22109 --- [           main] de.viadee.demo.PropertyLogger            : native.encoding: UTF-8
2024-05-03T15:06:30.332+02:00  INFO 22109 --- [           main] de.viadee.demo.PropertyLogger            : java.library.path: /Users/SiM/Library/Java/Extensions:/Library/Java/Extensions:/Network/Library/Java/Extensions:/System/Library/Java/Extensions:/usr/lib/java:.
2024-05-03T15:06:30.333+02:00  INFO 22109 --- [           main] de.viadee.demo.PropertyLogger            : java.vm.info: mixed mode, sharing
2024-05-03T15:06:30.333+02:00  INFO 22109 --- [           main] de.viadee.demo.PropertyLogger            : stderr.encoding: UTF-8
2024-05-03T15:06:30.333+02:00  INFO 22109 --- [           main] de.viadee.demo.PropertyLogger            : java.vendor: Homebrew
2024-05-03T15:06:30.333+02:00  INFO 22109 --- [           main] de.viadee.demo.PropertyLogger            : java.vm.version: 21.0.2
2024-05-03T15:06:30.333+02:00  INFO 22109 --- [           main] de.viadee.demo.PropertyLogger            : sun.io.unicode.encoding: UnicodeBig
2024-05-03T15:06:30.333+02:00  INFO 22109 --- [           main] de.viadee.demo.PropertyLogger            : socksNonProxyHosts: local|*.local|169.254/16|*.169.254/16
2024-05-03T15:06:30.333+02:00  INFO 22109 --- [           main] de.viadee.demo.PropertyLogger            : java.class.version: 65.0
2024-05-03T15:06:30.333+02:00  INFO 22109 --- [           main] de.viadee.demo.PropertyLogger            : HOMEBREW_PREFIX: /opt/homebrew
2024-05-03T15:06:30.333+02:00  INFO 22109 --- [           main] de.viadee.demo.PropertyLogger            : ZDOTDIR: /Users/SiM
2024-05-03T15:06:30.333+02:00  INFO 22109 --- [           main] de.viadee.demo.PropertyLogger            : ORIGINAL_XDG_CURRENT_DESKTOP: undefined
2024-05-03T15:06:30.333+02:00  INFO 22109 --- [           main] de.viadee.demo.PropertyLogger            : MANPATH: /opt/homebrew/share/man:/usr/share/man:/usr/local/share/man:/opt/homebrew/share/man::
2024-05-03T15:06:30.333+02:00  INFO 22109 --- [           main] de.viadee.demo.PropertyLogger            : COMMAND_MODE: unix2003
2024-05-03T15:06:30.333+02:00  INFO 22109 --- [           main] de.viadee.demo.PropertyLogger            : SHLVL: 2
2024-05-03T15:06:30.333+02:00  INFO 22109 --- [           main] de.viadee.demo.PropertyLogger            : INFOPATH: /opt/homebrew/share/info:/opt/homebrew/share/info:
2024-05-03T15:06:30.333+02:00  INFO 22109 --- [           main] de.viadee.demo.PropertyLogger            : SHELL: /bin/zsh
2024-05-03T15:06:30.333+02:00  INFO 22109 --- [           main] de.viadee.demo.PropertyLogger            : __CFBundleIdentifier: com.microsoft.VSCode
2024-05-03T15:06:30.333+02:00  INFO 22109 --- [           main] de.viadee.demo.PropertyLogger            : TMPDIR: /var/folders/89/3xlz1n6s7334fc_0jzjprwl80000gp/T/
2024-05-03T15:06:30.333+02:00  INFO 22109 --- [           main] de.viadee.demo.PropertyLogger            : COLORTERM: truecolor
2024-05-03T15:06:30.334+02:00  INFO 22109 --- [           main] de.viadee.demo.PropertyLogger            : GIT_ASKPASS: /Applications/Visual Studio Code.app/Contents/Resources/app/extensions/git/dist/askpass.sh
2024-05-03T15:06:30.334+02:00  INFO 22109 --- [           main] de.viadee.demo.PropertyLogger            : MAVEN_PROJECTBASEDIR: /Users/SiM/Projects/knative/demo
2024-05-03T15:06:30.334+02:00  INFO 22109 --- [           main] de.viadee.demo.PropertyLogger            : ZSH: /Users/SiM/.oh-my-zsh
2024-05-03T15:06:30.334+02:00  INFO 22109 --- [           main] de.viadee.demo.PropertyLogger            : HOME: /Users/SiM
2024-05-03T15:06:30.334+02:00  INFO 22109 --- [           main] de.viadee.demo.PropertyLogger            : HOMEBREW_REPOSITORY: /opt/homebrew
2024-05-03T15:06:30.334+02:00  INFO 22109 --- [           main] de.viadee.demo.PropertyLogger            : PATH: /Users/SiM/.istioctl/bin:/opt/homebrew/opt/libpq/bin:/opt/homebrew/opt/openjdk/bin:/Users/SiM/.rd/bin:/opt/homebrew/bin:/opt/homebrew/sbin:/usr/local/bin:/System/Cryptexes/App/usr/bin:/usr/bin:/bin:/usr/sbin:/sbin:/var/run/com.apple.security.cryptexd/codex.system/bootstrap/usr/local/bin:/var/run/com.apple.security.cryptexd/codex.system/bootstrap/usr/bin:/var/run/com.apple.security.cryptexd/codex.system/bootstrap/usr/appleinternal/bin:/opt/homebrew/opt/libpq/bin:/opt/homebrew/opt/openjdk/bin:/Users/SiM/.rd/bin:/opt/homebrew/bin:/opt/homebrew/sbin
2024-05-03T15:06:30.334+02:00  INFO 22109 --- [           main] de.viadee.demo.PropertyLogger            : LOGNAME: SiM
2024-05-03T15:06:30.334+02:00  INFO 22109 --- [           main] de.viadee.demo.PropertyLogger            : TERM: xterm-256color
2024-05-03T15:06:30.334+02:00  INFO 22109 --- [           main] de.viadee.demo.PropertyLogger            : LS_COLORS: di=1;36:ln=35:so=32:pi=33:ex=31:bd=34;46:cd=34;43:su=30;41:sg=30;46:tw=30;42:ow=30;43
2024-05-03T15:06:30.334+02:00  INFO 22109 --- [           main] de.viadee.demo.PropertyLogger            : XPC_FLAGS: 0x0
2024-05-03T15:06:30.334+02:00  INFO 22109 --- [           main] de.viadee.demo.PropertyLogger            : __CF_USER_TEXT_ENCODING: 0x1F6:0x0:0x3
2024-05-03T15:06:30.334+02:00  INFO 22109 --- [           main] de.viadee.demo.PropertyLogger            : MAVEN_CMD_LINE_ARGS:  package -f /Users/SiM/Projects/knative/demo/pom.xml
2024-05-03T15:06:30.334+02:00  INFO 22109 --- [           main] de.viadee.demo.PropertyLogger            : LANG: de_DE.UTF-8
2024-05-03T15:06:30.334+02:00  INFO 22109 --- [           main] de.viadee.demo.PropertyLogger            : VSCODE_GIT_ASKPASS_EXTRA_ARGS: 
2024-05-03T15:06:30.334+02:00  INFO 22109 --- [           main] de.viadee.demo.PropertyLogger            : TERM_PROGRAM_VERSION: 1.87.2
2024-05-03T15:06:30.334+02:00  INFO 22109 --- [           main] de.viadee.demo.PropertyLogger            : VSCODE_GIT_IPC_HANDLE: /var/folders/89/3xlz1n6s7334fc_0jzjprwl80000gp/T/vscode-git-b472fbe836.sock
2024-05-03T15:06:30.334+02:00  INFO 22109 --- [           main] de.viadee.demo.PropertyLogger            : TERM_PROGRAM: vscode
2024-05-03T15:06:30.334+02:00  INFO 22109 --- [           main] de.viadee.demo.PropertyLogger            : JAVA_HOME: /opt/homebrew/Cellar/openjdk/21.0.2/libexec/openjdk.jdk/Contents/Home
2024-05-03T15:06:30.334+02:00  INFO 22109 --- [           main] de.viadee.demo.PropertyLogger            : LESS: -R
2024-05-03T15:06:30.334+02:00  INFO 22109 --- [           main] de.viadee.demo.PropertyLogger            : LSCOLORS: Gxfxcxdxbxegedabagacad
2024-05-03T15:06:30.334+02:00  INFO 22109 --- [           main] de.viadee.demo.PropertyLogger            : VSCODE_GIT_ASKPASS_MAIN: /Applications/Visual Studio Code.app/Contents/Resources/app/extensions/git/dist/askpass-main.js
2024-05-03T15:06:30.335+02:00  INFO 22109 --- [           main] de.viadee.demo.PropertyLogger            : USER_ZDOTDIR: /Users/SiM
2024-05-03T15:06:30.335+02:00  INFO 22109 --- [           main] de.viadee.demo.PropertyLogger            : MallocNanoZone: 0
2024-05-03T15:06:30.335+02:00  INFO 22109 --- [           main] de.viadee.demo.PropertyLogger            : SSH_AUTH_SOCK: /private/tmp/com.apple.launchd.eGr5r9aL8Z/Listeners
2024-05-03T15:06:30.335+02:00  INFO 22109 --- [           main] de.viadee.demo.PropertyLogger            : OLDPWD: /Users/SiM/Projects/knative/demo
2024-05-03T15:06:30.335+02:00  INFO 22109 --- [           main] de.viadee.demo.PropertyLogger            : XPC_SERVICE_NAME: 0
2024-05-03T15:06:30.335+02:00  INFO 22109 --- [           main] de.viadee.demo.PropertyLogger            : PAGER: less
2024-05-03T15:06:30.335+02:00  INFO 22109 --- [           main] de.viadee.demo.PropertyLogger            : USER: SiM
2024-05-03T15:06:30.335+02:00  INFO 22109 --- [           main] de.viadee.demo.PropertyLogger            : VSCODE_GIT_ASKPASS_NODE: /Applications/Visual Studio Code.app/Contents/Frameworks/Code Helper (Plugin).app/Contents/MacOS/Code Helper (Plugin)
2024-05-03T15:06:30.335+02:00  INFO 22109 --- [           main] de.viadee.demo.PropertyLogger            : HOMEBREW_CELLAR: /opt/homebrew/Cellar
2024-05-03T15:06:30.335+02:00  INFO 22109 --- [           main] de.viadee.demo.PropertyLogger            : VSCODE_INJECTION: 1
2024-05-03T15:06:30.335+02:00  INFO 22109 --- [           main] de.viadee.demo.PropertyLogger            : PWD: /Users/SiM/Projects/knative/demo
2024-05-03T15:06:30.335+02:00  INFO 22109 --- [           main] de.viadee.demo.PropertyLogger            : _: /opt/homebrew/Cellar/openjdk/21.0.2/libexec/openjdk.jdk/Contents/Home/bin/java
2024-05-03T15:06:30.335+02:00  INFO 22109 --- [           main] de.viadee.demo.PropertyLogger            : management.endpoints.web.exposure.include: prometheus
2024-05-03T15:06:30.335+02:00  INFO 22109 --- [           main] de.viadee.demo.PropertyLogger            : management.prometheus.metrics.export.enabled: true
2024-05-03T15:06:30.335+02:00  INFO 22109 --- [           main] de.viadee.demo.PropertyLogger            : management.prometheus.metrics.export.pushgateway.enabled: false
2024-05-03T15:06:30.335+02:00  INFO 22109 --- [           main] de.viadee.demo.PropertyLogger            : management.prometheus.metrics.export.pushgateway.base-url: 
2024-05-03T15:06:30.335+02:00  INFO 22109 --- [           main] de.viadee.demo.PropertyLogger            : management.prometheus.metrics.export.pushgateway.shutdown-operation: push
2024-05-03T15:06:30.336+02:00  INFO 22109 --- [           main] de.viadee.demo.PropertyLogger            : ===========================================
2024-05-03T15:06:30.337+02:00  INFO 22109 --- [           main] de.viadee.demo.DemoApplicationTests      : Started DemoApplicationTests in 0.655 seconds (process running for 1.021)
]]></system-out>
    <system-err><![CDATA[WARNING: A Java agent has been loaded dynamically (/Users/SiM/.m2/repository/net/bytebuddy/byte-buddy-agent/1.14.5/byte-buddy-agent-1.14.5.jar)
WARNING: If a serviceability tool is in use, please run with -XX:+EnableDynamicAgentLoading to hide this warning
WARNING: If a serviceability tool is not in use, please run with -Djdk.instrument.traceUsage for more information
WARNING: Dynamic loading of agents will be disallowed by default in a future release
]]></system-err>
  </testcase>
</testsuite>